GROUP,PACKAGE,CLASS,INSTRUCTION_MISSED,INSTRUCTION_COVERED,BRANCH_MISSED,BRANCH_COVERED,LINE_MISSED,LINE_COVERED,COMPLEXITY_MISSED,COMPLEXITY_COVERED,METHOD_MISSED,METHOD_COVERED
BankAccountApp,bankAccountApp,BankAccount,130,279,7,11,33,64,8,21,3,17
BankAccountApp,bankAccountApp,ACHServiceImpl,0,7,0,0,0,3,0,3,0,3
BankAccountApp,bankAccountApp,Bank,78,286,7,29,16,77,8,24,2,12
BankAccountApp,bankAccountApp,Person,25,272,12,10,5,74,9,25,1,22
BankAccountApp,bankAccountApp,BankAccountApp,323,153,55,19,92,42,31,8,1,1
